<?xml version="1.0" encoding="UTF-8"?>
<!-- Generated by org.testng.reporters.JUnitReportReporter -->
<testsuite hostname="LAPTOP-J5KFFLCN" failures="0" tests="2" name="testcases.testNgGroup" time="0.013" errors="0" timestamp="2023-08-26T11:58:51 IST" skipped="0">
  <testcase classname="testcases.testNgGroup" name="xyz" time="0.002"/>
  <testcase classname="testcases.testNgGroup" name="text" time="0.011"/>
</testsuite> <!-- testcases.testNgGroup -->
