<?xml version="1.0" encoding="UTF-8"?>
<!-- Generated by org.testng.reporters.JUnitReportReporter -->
<testsuite hostname="LAPTOP-J5KFFLCN" failures="0" tests="3" name="testcases.dataDrivenTesting" time="34.955" errors="0" timestamp="2023-08-09T15:32:47 IST" skipped="0">
  <testcase classname="testcases.dataDrivenTesting" name="verifyValidLoginWithDifferentUsers" time="10.639"/>
  <testcase classname="testcases.dataDrivenTesting" name="verifyValidLoginWithDifferentUsers" time="11.494"/>
  <testcase classname="testcases.dataDrivenTesting" name="verifyValidLoginWithDifferentUsers" time="12.822"/>
</testsuite> <!-- testcases.dataDrivenTesting -->
