<?xml version="1.0" encoding="UTF-8"?>
<!-- Generated by org.testng.reporters.JUnitReportReporter -->
<testsuite hostname="LAPTOP-J5KFFLCN" failures="0" tests="2" name="testcases.testNGAnnotation" time="0.023" errors="0" timestamp="2023-08-04T14:56:28 IST" skipped="0">
  <testcase classname="testcases.testNGAnnotation" name="testCase" time="0.019"/>
  <testcase classname="testcases.testNGAnnotation" name="testCase1" time="0.004"/>
</testsuite> <!-- testcases.testNGAnnotation -->
