<?xml version="1.0" encoding="UTF-8"?>
<!-- Generated by org.testng.reporters.JUnitReportReporter -->
<testsuite hostname="LAPTOP-J5KFFLCN" failures="0" tests="2" name="testcases.testNgGroup" time="0.028" errors="0" timestamp="2023-08-10T16:45:25 IST" skipped="0">
  <testcase classname="testcases.testNgGroup" name="text" time="0.015"/>
  <testcase classname="testcases.testNgGroup" name="xyz" time="0.013"/>
</testsuite> <!-- testcases.testNgGroup -->
