<?xml version="1.0" encoding="UTF-8"?>
<!-- Generated by org.testng.reporters.JUnitReportReporter -->
<testsuite hostname="LAPTOP-J5KFFLCN" failures="0" tests="1" name="omayo.testCases.VerifyPageNavigation" time="13.518" errors="0" timestamp="2023-08-12T17:07:49 IST" skipped="0">
  <testcase classname="omayo.testCases.VerifyPageNavigation" name="verifyNavigation" time="13.518"/>
</testsuite> <!-- omayo.testCases.VerifyPageNavigation -->
