<?xml version="1.0" encoding="UTF-8"?>
<!-- Generated by org.testng.reporters.JUnitReportReporter -->
<testsuite hostname="LAPTOP-J5KFFLCN" failures="0" tests="4" name="testcases.testNGPriority" time="0.017" errors="0" timestamp="2023-08-04T15:08:56 IST" skipped="0">
  <testcase classname="testcases.testNGPriority" name="xyz" time="0.010"/>
  <testcase classname="testcases.testNGPriority" name="mno" time="0.002"/>
  <testcase classname="testcases.testNGPriority" name="text" time="0.002"/>
  <testcase classname="testcases.testNGPriority" name="abc" time="0.003"/>
</testsuite> <!-- testcases.testNGPriority -->
