<?xml version="1.0" encoding="UTF-8"?>
<!-- Generated by org.testng.reporters.JUnitReportReporter -->
<testsuite hostname="LAPTOP-J5KFFLCN" failures="0" tests="1" name="omayo.testCases.VerifyMultiselectFunctionalityDrpdwn" time="5.352" errors="0" timestamp="2023-08-11T18:04:08 IST" skipped="0">
  <testcase classname="omayo.testCases.VerifyMultiselectFunctionalityDrpdwn" name="VerifyMultiselectFunctionalityDrpdwn" time="5.352"/>
</testsuite> <!-- omayo.testCases.VerifyMultiselectFunctionalityDrpdwn -->
